#
# A fatal error has been detected by the Java Runtime Environment:
#
#  EXCEPTION_ACCESS_VIOLATION (0xc0000005) at pc=0x000000005e7e6f28, pid=2644, tid=0x000000000000171c
#
# JRE version: Java(TM) SE Runtime Environment (8.0_131-b11) (build 1.8.0_131-b11)
# Java VM: Java HotSpot(TM) 64-Bit Server VM (25.131-b11 mixed mode windows-amd64 compressed oops)
# Problematic frame:
# V  [jvm.dll+0xf6f28]
#
# Failed to write core dump. Minidumps are not enabled by default on client versions of Windows
#
# If you would like to submit a bug report, please visit:
#   http://bugreport.java.com/bugreport/crash.jsp
#

---------------  T H R E A D  ---------------

Current thread (0x0000000017776800):  VMThread [stack: 0x0000000018810000,0x0000000018910000] [id=5916]

siginfo: ExceptionCode=0xc0000005, reading address 0x000000001f136ff0

Registers:
RAX=0x00000000001fffe0, RBX=0x000000000000ffff, RCX=0x000000001ef34a38, RDX=0x000000001ef37000
RSP=0x000000001890f000, RBP=0x000000001890f130, RSI=0x000000000000ffff, RDI=0x000000001ef34a38
R8 =0x0000000017685ec0, R9 =0x0000000000000003, R10=0x0000000000000003, R11=0x000000001ef359d9
R12=0x000000001890f1c0, R13=0x000000001890f1b0, R14=0x0000000000000000, R15=0x0000000000000030
RIP=0x000000005e7e6f28, EFLAGS=0x0000000000010202

Top of Stack: (sp=0x000000001890f000)
0x000000001890f000:   00000000000000b6 000000001890f130
0x000000001890f010:   00000000000000b6 000000001890f130
0x000000001890f020:   0000000000000017 000000005e8c48a0
0x000000001890f030:   00000000000000b6 00000000000000b6
0x000000001890f040:   000000000000009a 0000000000000012
0x000000001890f050:   0000000000000000 000000001b01be60
0x000000001890f060:   0000000003b48880 0000000003b47076
0x000000001890f070:   0000034cb684a984 0000000003b46e50
0x000000001890f080:   0000000002ca61a0 000000001b0229d0
0x000000001890f090:   0000000000000000 000000005e7810c4
0x000000001890f0a0:   0000000003b472c0 0000000000000000
0x000000001890f0b0:   0000000000000000 0000000003b472c0
0x000000001890f0c0:   0000034cb684b654 000000005e781525
0x000000001890f0d0:   000000001b0229d0 000000005e783915
0x000000001890f0e0:   000000001b0229d0 000000001c4318c0
0x000000001890f0f0:   0000000017776800 000000001ef35838 

Instructions: (pc=0x000000005e7e6f28)
0x000000005e7e6f08:   00 ba d9 01 00 00 e8 2d ec 17 00 e8 a8 f7 19 00
0x000000005e7e6f18:   48 8b 57 10 48 85 d2 74 0f 48 8b c3 48 c1 e0 05
0x000000005e7e6f28:   48 8b 44 10 10 0f b7 d8 48 63 c3 0f b7 44 c7 50
0x000000005e7e6f38:   48 8b 44 c7 50 48 89 44 24 30 f6 d0 48 8b 4c 24 


Register to memory mapping:

RAX=0x00000000001fffe0 is an unknown value
RBX=0x000000000000ffff is an unknown value
RCX=0x000000001ef34a38 is pointing into metadata
RDX=0x000000001ef37000 is pointing into metadata
RSP=0x000000001890f000 is an unknown value
RBP=0x000000001890f130 is an unknown value
RSI=0x000000000000ffff is an unknown value
RDI=0x000000001ef34a38 is pointing into metadata
R8 =0x0000000017685ec0 is an unknown value
R9 =0x0000000000000003 is an unknown value
R10=0x0000000000000003 is an unknown value
R11=0x000000001ef359d9 is pointing into metadata
R12=0x000000001890f1c0 is an unknown value
R13=0x000000001890f1b0 is an unknown value
R14=0x0000000000000000 is an unknown value
R15=0x0000000000000030 is an unknown value


Stack: [0x0000000018810000,0x0000000018910000],  sp=0x000000001890f000,  free space=1020k
Native frames: (J=compiled Java code, j=interpreted, Vv=VM code, C=native code)
V  [jvm.dll+0xf6f28]
V  [jvm.dll+0x1d48a0]
V  [jvm.dll+0x1d57f2]
V  [jvm.dll+0x1c2ff6]
V  [jvm.dll+0x1c8309]
V  [jvm.dll+0x1c880b]
V  [jvm.dll+0x24c2a7]
V  [jvm.dll+0x24b546]
V  [jvm.dll+0x24b9e1]
V  [jvm.dll+0x24bbfe]
V  [jvm.dll+0x29cc1a]
C  [msvcr100.dll+0x21d9f]
C  [msvcr100.dll+0x21e3b]
C  [KERNEL32.DLL+0x8364]
C  [ntdll.dll+0x670d1]

VM_Operation (0x000000001928f1a0): RedefineClasses, mode: safepoint, requested by thread 0x00000000177e4800


---------------  P R O C E S S  ---------------

Java Threads: ( => current thread )
  0x0000000019b5a000 JavaThread "I/O dispatcher 424" [_thread_in_native, id=7224, stack(0x00000000438d0000,0x00000000439d0000)]
  0x0000000019b5b000 JavaThread "I/O dispatcher 423" [_thread_in_native, id=5656, stack(0x00000000437d0000,0x00000000438d0000)]
  0x0000000019b60000 JavaThread "I/O dispatcher 422" [_thread_in_native, id=2440, stack(0x00000000436d0000,0x00000000437d0000)]
  0x000000001b840800 JavaThread "I/O dispatcher 421" [_thread_in_native, id=7868, stack(0x00000000435d0000,0x00000000436d0000)]
  0x000000001b83f800 JavaThread "pool-110-thread-1" [_thread_in_native, id=3920, stack(0x00000000434d0000,0x00000000435d0000)]
  0x000000001b83f000 JavaThread "http-nio-8080-AsyncTimeout" daemon [_thread_blocked, id=1000, stack(0x000000003f7d0000,0x000000003f8d0000)]
  0x000000001b83e000 JavaThread "http-nio-8080-Acceptor-0" daemon [_thread_in_native, id=5624, stack(0x000000003f6d0000,0x000000003f7d0000)]
  0x000000001b844000 JavaThread "http-nio-8080-ClientPoller-1" daemon [_thread_in_native, id=6332, stack(0x000000003f5d0000,0x000000003f6d0000)]
  0x000000001b842800 JavaThread "http-nio-8080-ClientPoller-0" daemon [_thread_in_native, id=6400, stack(0x000000003f4d0000,0x000000003f5d0000)]
  0x000000001b845000 JavaThread "http-nio-8080-exec-10" daemon [_thread_blocked, id=6996, stack(0x000000003f3d0000,0x000000003f4d0000)]
  0x000000001b841000 JavaThread "http-nio-8080-exec-9" daemon [_thread_blocked, id=5844, stack(0x000000003f2d0000,0x000000003f3d0000)]
  0x0000000019b69000 JavaThread "http-nio-8080-exec-8" daemon [_thread_blocked, id=3480, stack(0x000000003f1d0000,0x000000003f2d0000)]
  0x0000000019b68800 JavaThread "http-nio-8080-exec-7" daemon [_thread_blocked, id=4144, stack(0x000000003f0d0000,0x000000003f1d0000)]
  0x0000000019b67800 JavaThread "http-nio-8080-exec-6" daemon [_thread_blocked, id=7564, stack(0x000000003efd0000,0x000000003f0d0000)]
  0x0000000019b67000 JavaThread "http-nio-8080-exec-5" daemon [_thread_blocked, id=8060, stack(0x000000003eed0000,0x000000003efd0000)]
  0x0000000019b65800 JavaThread "http-nio-8080-exec-4" daemon [_thread_blocked, id=6856, stack(0x000000003edd0000,0x000000003eed0000)]
  0x0000000019b66000 JavaThread "http-nio-8080-exec-3" daemon [_thread_blocked, id=1084, stack(0x000000003ecd0000,0x000000003edd0000)]
  0x0000000019b64000 JavaThread "http-nio-8080-exec-2" daemon [_thread_blocked, id=6528, stack(0x000000003ebd0000,0x000000003ecd0000)]
  0x0000000019b5c800 JavaThread "http-nio-8080-exec-1" daemon [_thread_blocked, id=6384, stack(0x000000003ead0000,0x000000003ebd0000)]
  0x0000000019b63000 JavaThread "NioBlockingSelector.BlockPoller-2" daemon [_thread_in_native, id=5212, stack(0x000000003e9d0000,0x000000003ead0000)]
  0x0000000019b62800 JavaThread "pool-97-thread-1" [_thread_blocked, id=4908, stack(0x000000003e8d0000,0x000000003e9d0000)]
  0x0000000019b5e800 JavaThread "File Watcher" daemon [_thread_blocked, id=7060, stack(0x000000003e7d0000,0x000000003e8d0000)]
  0x0000000019b5f800 JavaThread "Tomcat JDBC Pool Cleaner[414493378:1500775637175]" daemon [_thread_blocked, id=7776, stack(0x000000003e6d0000,0x000000003e7d0000)]
  0x0000000019b5d000 JavaThread "container-0" [_thread_blocked, id=7552, stack(0x000000003e5d0000,0x000000003e6d0000)]
  0x0000000019b61000 JavaThread "ContainerBackgroundProcessor[StandardEngine[Tomcat]]" daemon [_thread_blocked, id=5876, stack(0x000000003e4d0000,0x000000003e5d0000)]
  0x0000000019b61800 JavaThread "DestroyJavaVM" [_thread_blocked, id=356, stack(0x0000000002a60000,0x0000000002b60000)]
  0x000000001b842000 JavaThread "Live Reload Server" daemon [_thread_in_native, id=5820, stack(0x000000001f2d0000,0x000000001f3d0000)]
  0x000000001b843800 JavaThread "Abandoned connection cleanup thread" daemon [_thread_blocked, id=3740, stack(0x000000001d200000,0x000000001d300000)]
  0x0000000019c14800 JavaThread "RMI TCP Accept-0" daemon [_thread_in_native, id=3984, stack(0x000000001a290000,0x000000001a390000)]
  0x0000000019c01800 JavaThread "RMI TCP Accept-57931" daemon [_thread_in_native, id=7892, stack(0x000000001a190000,0x000000001a290000)]
  0x0000000019bf5800 JavaThread "RMI TCP Accept-0" daemon [_thread_in_native, id=908, stack(0x000000001a090000,0x000000001a190000)]
  0x000000001780e000 JavaThread "Service Thread" daemon [_thread_blocked, id=5484, stack(0x0000000019790000,0x0000000019890000)]
  0x0000000017809000 JavaThread "C1 CompilerThread2" daemon [_thread_blocked, id=6320, stack(0x0000000019690000,0x0000000019790000)]
  0x0000000017808000 JavaThread "C2 CompilerThread1" daemon [_thread_blocked, id=6172, stack(0x0000000019590000,0x0000000019690000)]
  0x0000000017804800 JavaThread "C2 CompilerThread0" daemon [_thread_blocked, id=3188, stack(0x0000000019490000,0x0000000019590000)]
  0x00000000177f4800 JavaThread "JDWP Command Reader" daemon [_thread_in_native, id=4880, stack(0x0000000019390000,0x0000000019490000)]
  0x00000000177f1000 JavaThread "JDWP Event Helper Thread" daemon [_thread_blocked, id=3916, stack(0x0000000019290000,0x0000000019390000)]
  0x00000000177e4800 JavaThread "JDWP Transport Listener: dt_socket" daemon [_thread_blocked, id=3784, stack(0x0000000019190000,0x0000000019290000)]
  0x00000000177c7800 JavaThread "Attach Listener" daemon [_thread_blocked, id=7532, stack(0x0000000019090000,0x0000000019190000)]
  0x00000000177d9000 JavaThread "Signal Dispatcher" daemon [_thread_blocked, id=2688, stack(0x0000000018f90000,0x0000000019090000)]
  0x0000000002c5e000 JavaThread "Finalizer" daemon [_thread_blocked, id=4984, stack(0x0000000018a10000,0x0000000018b10000)]
  0x0000000002c58000 JavaThread "Reference Handler" daemon [_thread_blocked, id=3464, stack(0x0000000018910000,0x0000000018a10000)]

Other Threads:
=>0x0000000017776800 VMThread [stack: 0x0000000018810000,0x0000000018910000] [id=5916]
  0x0000000019c1b800 WatcherThread [stack: 0x000000001a390000,0x000000001a490000] [id=1788]

VM state:at safepoint (normal execution)

VM Mutex/Monitor currently owned by a thread:  ([mutex/lock_event])
[0x0000000002b652e0] Threads_lock - owner thread: 0x0000000017776800

Heap:
 PSYoungGen      total 326144K, used 60144K [0x00000000d5d80000, 0x00000000ede00000, 0x0000000100000000)
  eden space 301568K, 16% used [0x00000000d5d80000,0x00000000d8f0b510,0x00000000e8400000)
  from space 24576K, 38% used [0x00000000e9b80000,0x00000000ea4b0ea0,0x00000000eb380000)
  to   space 24064K, 0% used [0x00000000e8400000,0x00000000e8400000,0x00000000e9b80000)
 ParOldGen       total 105472K, used 39317K [0x0000000081800000, 0x0000000087f00000, 0x00000000d5d80000)
  object space 105472K, 37% used [0x0000000081800000,0x0000000083e656b8,0x0000000087f00000)
 Metaspace       used 55791K, capacity 56884K, committed 56960K, reserved 1099776K
  class space    used 7252K, capacity 7497K, committed 7552K, reserved 1048576K

Card table byte_map: [0x0000000012020000,0x0000000012420000] byte_map_base: 0x0000000011c14000

Marking Bits: (ParMarkBitMap*) 0x000000005ef0c720
 Begin Bits: [0x0000000012ad0000, 0x0000000014a70000)
 End Bits:   [0x0000000014a70000, 0x0000000016a10000)

Polling page: 0x0000000000e00000

CodeCache: size=245760Kb used=15275Kb max_used=15275Kb free=230484Kb
 bounds [0x0000000002c60000, 0x0000000003b50000, 0x0000000011c60000]
 total_blobs=7866 nmethods=7061 adapters=724
 compilation: enabled

Compilation events (10 events):
Event: 978.456 Thread 0x0000000017809000 7169       1       com.mysql.jdbc.MysqlIO::readServerStatusForResultSets (160 bytes)
Event: 978.458 Thread 0x0000000017809000 nmethod 7169 0x0000000003b45c50 code [0x0000000003b45e40, 0x0000000003b46238]
Event: 978.464 Thread 0x0000000017809000 7170       1       org.apache.http.impl.cookie.AbstractCookieSpec::<init> (63 bytes)
Event: 978.465 Thread 0x0000000017809000 nmethod 7170 0x0000000003b465d0 code [0x0000000003b46760, 0x0000000003b469c8]
Event: 988.445 Thread 0x0000000017809000 7171       1       java.util.concurrent.LinkedBlockingQueue$Node::<init> (10 bytes)
Event: 988.445 Thread 0x0000000017809000 nmethod 7171 0x0000000003b46b50 code [0x0000000003b46ca0, 0x0000000003b46dd0]
Event: 991.457 Thread 0x0000000017809000 7172   !   1       org.apache.http.impl.nio.reactor.AbstractMultiworkerIOReactor::execute (540 bytes)
Event: 991.465 Thread 0x0000000017809000 nmethod 7172 0x0000000003b46e50 code [0x0000000003b472c0, 0x0000000003b492b8]
Event: 998.449 Thread 0x0000000017809000 7173       1       org.hibernate.resource.transaction.backend.jdbc.internal.JdbcResourceLocalTransactionCoordinatorImpl::isJoined (26 bytes)
Event: 998.450 Thread 0x0000000017809000 nmethod 7173 0x0000000003b4bed0 code [0x0000000003b4c020, 0x0000000003b4c1d0]

GC Heap History (10 events):
Event: 24.745 GC heap before
{Heap before GC invocations=13 (full 2):
 PSYoungGen      total 267776K, used 267670K [0x00000000d5d80000, 0x00000000e7e00000, 0x0000000100000000)
  eden space 250368K, 100% used [0x00000000d5d80000,0x00000000e5200000,0x00000000e5200000)
  from space 17408K, 99% used [0x00000000e6d00000,0x00000000e7de5b98,0x00000000e7e00000)
  to   space 19968K, 0% used [0x00000000e5700000,0x00000000e5700000,0x00000000e6a80000)
 ParOldGen       total 105472K, used 25758K [0x0000000081800000, 0x0000000087f00000, 0x00000000d5d80000)
  object space 105472K, 24% used [0x0000000081800000,0x0000000083127aa8,0x0000000087f00000)
 Metaspace       used 54469K, capacity 55140K, committed 55424K, reserved 1097728K
  class space    used 7075K, capacity 7242K, committed 7296K, reserved 1048576K
Event: 24.773 GC heap after
Heap after GC invocations=13 (full 2):
 PSYoungGen      total 275456K, used 19959K [0x00000000d5d80000, 0x00000000eb800000, 0x0000000100000000)
  eden space 255488K, 0% used [0x00000000d5d80000,0x00000000d5d80000,0x00000000e5700000)
  from space 19968K, 99% used [0x00000000e5700000,0x00000000e6a7dfb0,0x00000000e6a80000)
  to   space 25088K, 0% used [0x00000000e9f80000,0x00000000e9f80000,0x00000000eb800000)
 ParOldGen       total 105472K, used 32058K [0x0000000081800000, 0x0000000087f00000, 0x00000000d5d80000)
  object space 105472K, 30% used [0x0000000081800000,0x000000008374eb58,0x0000000087f00000)
 Metaspace       used 54469K, capacity 55140K, committed 55424K, reserved 1097728K
  class space    used 7075K, capacity 7242K, committed 7296K, reserved 1048576K
}
Event: 457.364 GC heap before
{Heap before GC invocations=14 (full 2):
 PSYoungGen      total 275456K, used 275447K [0x00000000d5d80000, 0x00000000eb800000, 0x0000000100000000)
  eden space 255488K, 100% used [0x00000000d5d80000,0x00000000e5700000,0x00000000e5700000)
  from space 19968K, 99% used [0x00000000e5700000,0x00000000e6a7dfb0,0x00000000e6a80000)
  to   space 25088K, 0% used [0x00000000e9f80000,0x00000000e9f80000,0x00000000eb800000)
 ParOldGen       total 105472K, used 32058K [0x0000000081800000, 0x0000000087f00000, 0x00000000d5d80000)
  object space 105472K, 30% used [0x0000000081800000,0x000000008374eb58,0x0000000087f00000)
 Metaspace       used 54923K, capacity 55682K, committed 55808K, reserved 1097728K
  class space    used 7148K, capacity 7343K, committed 7424K, reserved 1048576K
Event: 457.416 GC heap after
Heap after GC invocations=14 (full 2):
 PSYoungGen      total 322560K, used 15552K [0x00000000d5d80000, 0x00000000eb480000, 0x0000000100000000)
  eden space 301056K, 0% used [0x00000000d5d80000,0x00000000d5d80000,0x00000000e8380000)
  from space 21504K, 72% used [0x00000000e9f80000,0x00000000eaeb0110,0x00000000eb480000)
  to   space 25088K, 0% used [0x00000000e8380000,0x00000000e8380000,0x00000000e9c00000)
 ParOldGen       total 105472K, used 40550K [0x0000000081800000, 0x0000000087f00000, 0x00000000d5d80000)
  object space 105472K, 38% used [0x0000000081800000,0x0000000083f99be8,0x0000000087f00000)
 Metaspace       used 54923K, capacity 55682K, committed 55808K, reserved 1097728K
  class space    used 7148K, capacity 7343K, committed 7424K, reserved 1048576K
}
Event: 883.837 GC heap before
{Heap before GC invocations=15 (full 2):
 PSYoungGen      total 322560K, used 235609K [0x00000000d5d80000, 0x00000000eb480000, 0x0000000100000000)
  eden space 301056K, 73% used [0x00000000d5d80000,0x00000000e34665b0,0x00000000e8380000)
  from space 21504K, 72% used [0x00000000e9f80000,0x00000000eaeb0110,0x00000000eb480000)
  to   space 25088K, 0% used [0x00000000e8380000,0x00000000e8380000,0x00000000e9c00000)
 ParOldGen       total 105472K, used 40550K [0x0000000081800000, 0x0000000087f00000, 0x00000000d5d80000)
  object space 105472K, 38% used [0x0000000081800000,0x0000000083f99be8,0x0000000087f00000)
 Metaspace       used 55092K, capacity 55966K, committed 56064K, reserved 1097728K
  class space    used 7177K, capacity 7370K, committed 7424K, reserved 1048576K
Event: 883.862 GC heap after
Heap after GC invocations=15 (full 2):
 PSYoungGen      total 315392K, used 14192K [0x00000000d5d80000, 0x00000000eb380000, 0x0000000100000000)
  eden space 301056K, 0% used [0x00000000d5d80000,0x00000000d5d80000,0x00000000e8380000)
  from space 14336K, 98% used [0x00000000e8380000,0x00000000e915c060,0x00000000e9180000)
  to   space 24576K, 0% used [0x00000000e9b80000,0x00000000e9b80000,0x00000000eb380000)
 ParOldGen       total 105472K, used 40550K [0x0000000081800000, 0x0000000087f00000, 0x00000000d5d80000)
  object space 105472K, 38% used [0x0000000081800000,0x0000000083f99be8,0x0000000087f00000)
 Metaspace       used 55092K, capacity 55966K, committed 56064K, reserved 1097728K
  class space    used 7177K, capacity 7370K, committed 7424K, reserved 1048576K
}
Event: 883.862 GC heap before
{Heap before GC invocations=16 (full 3):
 PSYoungGen      total 315392K, used 14192K [0x00000000d5d80000, 0x00000000eb380000, 0x0000000100000000)
  eden space 301056K, 0% used [0x00000000d5d80000,0x00000000d5d80000,0x00000000e8380000)
  from space 14336K, 98% used [0x00000000e8380000,0x00000000e915c060,0x00000000e9180000)
  to   space 24576K, 0% used [0x00000000e9b80000,0x00000000e9b80000,0x00000000eb380000)
 ParOldGen       total 105472K, used 40550K [0x0000000081800000, 0x0000000087f00000, 0x00000000d5d80000)
  object space 105472K, 38% used [0x0000000081800000,0x0000000083f99be8,0x0000000087f00000)
 Metaspace       used 55092K, capacity 55966K, committed 56064K, reserved 1097728K
  class space    used 7177K, capacity 7370K, committed 7424K, reserved 1048576K
Event: 884.091 GC heap after
Heap after GC invocations=16 (full 3):
 PSYoungGen      total 315392K, used 0K [0x00000000d5d80000, 0x00000000eb380000, 0x0000000100000000)
  eden space 301056K, 0% used [0x00000000d5d80000,0x00000000d5d80000,0x00000000e8380000)
  from space 14336K, 0% used [0x00000000e8380000,0x00000000e8380000,0x00000000e9180000)
  to   space 24576K, 0% used [0x00000000e9b80000,0x00000000e9b80000,0x00000000eb380000)
 ParOldGen       total 105472K, used 39309K [0x0000000081800000, 0x0000000087f00000, 0x00000000d5d80000)
  object space 105472K, 37% used [0x0000000081800000,0x0000000083e636b8,0x0000000087f00000)
 Metaspace       used 55092K, capacity 55966K, committed 56064K, reserved 1097728K
  class space    used 7177K, capacity 7370K, committed 7424K, reserved 1048576K
}
Event: 918.479 GC heap before
{Heap before GC invocations=17 (full 3):
 PSYoungGen      total 315392K, used 301056K [0x00000000d5d80000, 0x00000000eb380000, 0x0000000100000000)
  eden space 301056K, 100% used [0x00000000d5d80000,0x00000000e8380000,0x00000000e8380000)
  from space 14336K, 0% used [0x00000000e8380000,0x00000000e8380000,0x00000000e9180000)
  to   space 24576K, 0% used [0x00000000e9b80000,0x00000000e9b80000,0x00000000eb380000)
 ParOldGen       total 105472K, used 39309K [0x0000000081800000, 0x0000000087f00000, 0x00000000d5d80000)
  object space 105472K, 37% used [0x0000000081800000,0x0000000083e636b8,0x0000000087f00000)
 Metaspace       used 55752K, capacity 56878K, committed 56960K, reserved 1099776K
  class space    used 7250K, capacity 7496K, committed 7552K, reserved 1048576K
Event: 918.501 GC heap after
Heap after GC invocations=17 (full 3):
 PSYoungGen      total 326144K, used 9411K [0x00000000d5d80000, 0x00000000ede00000, 0x0000000100000000)
  eden space 301568K, 0% used [0x00000000d5d80000,0x00000000d5d80000,0x00000000e8400000)
  from space 24576K, 38% used [0x00000000e9b80000,0x00000000ea4b0ea0,0x00000000eb380000)
  to   space 24064K, 0% used [0x00000000e8400000,0x00000000e8400000,0x00000000e9b80000)
 ParOldGen       total 105472K, used 39317K [0x0000000081800000, 0x0000000087f00000, 0x00000000d5d80000)
  object space 105472K, 37% used [0x0000000081800000,0x0000000083e656b8,0x0000000087f00000)
 Metaspace       used 55752K, capacity 56878K, committed 56960K, reserved 1099776K
  class space    used 7250K, capacity 7496K, committed 7552K, reserved 1048576K
}

Deoptimization events (0 events):
No events

Internal exceptions (10 events):
Event: 886.471 Thread 0x0000000019b60000 Exception <a 'java/lang/ArrayIndexOutOfBoundsException'> (0x00000000e4818f90) thrown at [C:\re\workspace\8-2-build-windows-amd64-cygwin\jdk8u131\8869\hotspot\src\share\vm\runtime\sharedRuntime.cpp, line 605]
Event: 886.471 Thread 0x0000000019b60000 Exception <a 'java/lang/ArrayIndexOutOfBoundsException'> (0x00000000e4819e80) thrown at [C:\re\workspace\8-2-build-windows-amd64-cygwin\jdk8u131\8869\hotspot\src\share\vm\runtime\sharedRuntime.cpp, line 605]
Event: 886.471 Thread 0x0000000019b60000 Exception <a 'java/lang/ArrayIndexOutOfBoundsException'> (0x00000000e481b768) thrown at [C:\re\workspace\8-2-build-windows-amd64-cygwin\jdk8u131\8869\hotspot\src\share\vm\runtime\sharedRuntime.cpp, line 605]
Event: 886.471 Thread 0x0000000019b60000 Exception <a 'java/lang/ArrayIndexOutOfBoundsException'> (0x00000000e481d268) thrown at [C:\re\workspace\8-2-build-windows-amd64-cygwin\jdk8u131\8869\hotspot\src\share\vm\runtime\sharedRuntime.cpp, line 605]
Event: 886.483 Thread 0x0000000019b60000 Exception <a 'java/lang/ArrayIndexOutOfBoundsException'> (0x00000000e48ab6b0) thrown at [C:\re\workspace\8-2-build-windows-amd64-cygwin\jdk8u131\8869\hotspot\src\share\vm\runtime\sharedRuntime.cpp, line 605]
Event: 886.579 Thread 0x0000000019b60000 Exception <a 'java/lang/ArrayIndexOutOfBoundsException'> (0x00000000e4f98400) thrown at [C:\re\workspace\8-2-build-windows-amd64-cygwin\jdk8u131\8869\hotspot\src\share\vm\runtime\sharedRuntime.cpp, line 605]
Event: 886.616 Thread 0x0000000019b60000 Exception <a 'java/lang/ArrayIndexOutOfBoundsException'> (0x00000000e51cec90) thrown at [C:\re\workspace\8-2-build-windows-amd64-cygwin\jdk8u131\8869\hotspot\src\share\vm\runtime\sharedRuntime.cpp, line 605]
Event: 886.658 Thread 0x0000000019b60000 Exception <a 'java/lang/ArrayIndexOutOfBoundsException'> (0x00000000e5460110) thrown at [C:\re\workspace\8-2-build-windows-amd64-cygwin\jdk8u131\8869\hotspot\src\share\vm\runtime\sharedRuntime.cpp, line 605]
Event: 886.695 Thread 0x0000000019b60000 Exception <a 'java/lang/ArrayIndexOutOfBoundsException'> (0x00000000e573f5f8) thrown at [C:\re\workspace\8-2-build-windows-amd64-cygwin\jdk8u131\8869\hotspot\src\share\vm\runtime\sharedRuntime.cpp, line 605]
Event: 888.451 Thread 0x0000000019b62800 Exception <a 'java/lang/ArrayIndexOutOfBoundsException'> (0x00000000e69d1f18) thrown at [C:\re\workspace\8-2-build-windows-amd64-cygwin\jdk8u131\8869\hotspot\src\share\vm\runtime\sharedRuntime.cpp, line 605]

Events (10 events):
Event: 1003.474 Thread 0x0000000019b5b800 Thread exited: 0x0000000019b5b800
Event: 1003.474 Thread 0x000000001b83f800 Thread exited: 0x000000001b83f800
Event: 1003.474 Thread 0x0000000019b5b000 Thread exited: 0x0000000019b5b000
Event: 1003.474 Thread 0x0000000019b60000 Thread exited: 0x0000000019b60000
Event: 1008.458 Thread 0x000000001b83f800 Thread added: 0x000000001b83f800
Event: 1008.465 Thread 0x000000001b840800 Thread added: 0x000000001b840800
Event: 1008.465 Thread 0x0000000019b60000 Thread added: 0x0000000019b60000
Event: 1008.467 Thread 0x0000000019b5b000 Thread added: 0x0000000019b5b000
Event: 1008.467 Thread 0x0000000019b5a000 Thread added: 0x0000000019b5a000
Event: 1009.732 Executing VM operation: RedefineClasses


Dynamic libraries:
0x00007ff6f3a10000 - 0x00007ff6f3a47000 	C:\Project\jdk1.8.0_131\bin\javaw.exe
0x00007ffb4bc30000 - 0x00007ffb4be01000 	C:\Windows\SYSTEM32\ntdll.dll
0x00007ffb491c0000 - 0x00007ffb4926c000 	C:\Windows\System32\KERNEL32.DLL
0x00007ffb48560000 - 0x00007ffb4877d000 	C:\Windows\System32\KERNELBASE.dll
0x00007ffb495c0000 - 0x00007ffb49662000 	C:\Windows\System32\ADVAPI32.dll
0x00007ffb49710000 - 0x00007ffb497ae000 	C:\Windows\System32\msvcrt.dll
0x00007ffb49910000 - 0x00007ffb49969000 	C:\Windows\System32\sechost.dll
0x00007ffb49b50000 - 0x00007ffb49c71000 	C:\Windows\System32\RPCRT4.dll
0x00007ffb499e0000 - 0x00007ffb49b45000 	C:\Windows\System32\USER32.dll
0x00007ffb491a0000 - 0x00007ffb491be000 	C:\Windows\System32\win32u.dll
0x00007ffb4bbe0000 - 0x00007ffb4bc14000 	C:\Windows\System32\GDI32.dll
0x00007ffb482e0000 - 0x00007ffb48460000 	C:\Windows\System32\gdi32full.dll
0x00007ffb3b6b0000 - 0x00007ffb3b92a000 	C:\Windows\WinSxS\amd64_microsoft.windows.common-controls_6595b64144ccf1df_6.0.14393.953_none_42151e83c686086b\COMCTL32.dll
0x00007ffb4a0b0000 - 0x00007ffb4a378000 	C:\Windows\System32\combase.dll
0x00007ffb481e0000 - 0x00007ffb482d5000 	C:\Windows\System32\ucrtbase.dll
0x00007ffb49030000 - 0x00007ffb4909a000 	C:\Windows\System32\bcryptPrimitives.dll
0x00007ffb4bbb0000 - 0x00007ffb4bbde000 	C:\Windows\System32\IMM32.DLL
0x000000005ef90000 - 0x000000005f062000 	C:\Project\jdk1.8.0_131\jre\bin\msvcr100.dll
0x000000005e6f0000 - 0x000000005ef8c000 	C:\Project\jdk1.8.0_131\jre\bin\server\jvm.dll
0x00007ffb4b9d0000 - 0x00007ffb4b9d8000 	C:\Windows\System32\PSAPI.DLL
0x00007ffb46520000 - 0x00007ffb46543000 	C:\Windows\SYSTEM32\WINMM.dll
0x00007ffb3a770000 - 0x00007ffb3a77a000 	C:\Windows\SYSTEM32\VERSION.dll
0x00007ffb46600000 - 0x00007ffb46609000 	C:\Windows\SYSTEM32\WSOCK32.dll
0x00007ffb4bb40000 - 0x00007ffb4bbaa000 	C:\Windows\System32\WS2_32.dll
0x0000000000db0000 - 0x0000000000ddb000 	C:\Windows\SYSTEM32\WINMMBASE.dll
0x00007ffb48510000 - 0x00007ffb48552000 	C:\Windows\System32\cfgmgr32.dll
0x000000005e6e0000 - 0x000000005e6ef000 	C:\Project\jdk1.8.0_131\jre\bin\verify.dll
0x000000005e6b0000 - 0x000000005e6d9000 	C:\Project\jdk1.8.0_131\jre\bin\java.dll
0x000000005d130000 - 0x000000005d165000 	C:\Project\jdk1.8.0_131\jre\bin\jdwp.dll
0x000000005d310000 - 0x000000005d318000 	C:\Project\jdk1.8.0_131\jre\bin\npt.dll
0x000000005e660000 - 0x000000005e676000 	C:\Project\jdk1.8.0_131\jre\bin\zip.dll
0x00007ffb4a380000 - 0x00007ffb4b888000 	C:\Windows\System32\SHELL32.dll
0x00007ffb48950000 - 0x00007ffb4902a000 	C:\Windows\System32\windows.storage.dll
0x00007ffb480c0000 - 0x00007ffb4810c000 	C:\Windows\System32\powrprof.dll
0x00007ffb4bae0000 - 0x00007ffb4bb32000 	C:\Windows\System32\shlwapi.dll
0x00007ffb48110000 - 0x00007ffb4811f000 	C:\Windows\System32\kernel.appcore.dll
0x00007ffb48460000 - 0x00007ffb48509000 	C:\Windows\System32\shcore.dll
0x00007ffb480a0000 - 0x00007ffb480b4000 	C:\Windows\System32\profapi.dll
0x000000005d120000 - 0x000000005d129000 	C:\Project\jdk1.8.0_131\jre\bin\dt_socket.dll
0x00007ffb37e80000 - 0x00007ffb37e96000 	C:\Windows\system32\napinsp.dll
0x00007ffb37ea0000 - 0x00007ffb37eba000 	C:\Windows\system32\pnrpnsp.dll
0x00007ffb45d10000 - 0x00007ffb45d28000 	C:\Windows\system32\NLAapi.dll
0x00007ffb47970000 - 0x00007ffb479cc000 	C:\Windows\System32\mswsock.dll
0x00007ffb47730000 - 0x00007ffb477d1000 	C:\Windows\SYSTEM32\DNSAPI.dll
0x00007ffb4bc20000 - 0x00007ffb4bc28000 	C:\Windows\System32\NSI.dll
0x00007ffb476f0000 - 0x00007ffb47728000 	C:\Windows\SYSTEM32\IPHLPAPI.DLL
0x00007ffb37ec0000 - 0x00007ffb37ece000 	C:\Windows\System32\winrnr.dll
0x00007ffb37ed0000 - 0x00007ffb37ee5000 	C:\Windows\System32\wshbth.dll
0x00007ffb3ef60000 - 0x00007ffb3efca000 	C:\Windows\System32\fwpuclnt.dll
0x00007ffb47fe0000 - 0x00007ffb4800b000 	C:\Windows\SYSTEM32\bcrypt.dll
0x00007ffb3d1b0000 - 0x00007ffb3d1ba000 	C:\Windows\System32\rasadhlp.dll
0x000000005d110000 - 0x000000005d11d000 	C:\Project\jdk1.8.0_131\jre\bin\management.dll
0x000000005e640000 - 0x000000005e65a000 	C:\Project\jdk1.8.0_131\jre\bin\net.dll
0x000000005e620000 - 0x000000005e631000 	C:\Project\jdk1.8.0_131\jre\bin\nio.dll
0x00007ffb47b10000 - 0x00007ffb47b27000 	C:\Windows\SYSTEM32\CRYPTSP.dll
0x00007ffb47570000 - 0x00007ffb475a3000 	C:\Windows\system32\rsaenh.dll
0x00007ffb477f0000 - 0x00007ffb4780f000 	C:\Windows\SYSTEM32\USERENV.dll
0x00007ffb47b30000 - 0x00007ffb47b3b000 	C:\Windows\SYSTEM32\CRYPTBASE.dll
0x00007ffb3fed0000 - 0x00007ffb3fee6000 	C:\Windows\SYSTEM32\dhcpcsvc6.DLL
0x00007ffb3feb0000 - 0x00007ffb3feca000 	C:\Windows\SYSTEM32\dhcpcsvc.DLL
0x000000005d440000 - 0x000000005d464000 	C:\Project\jdk1.8.0_131\jre\bin\sunec.dll
0x00007ffb37f80000 - 0x00007ffb38112000 	C:\Windows\SYSTEM32\dbghelp.dll

VM Arguments:
jvm_args: -agentlib:jdwp=transport=dt_socket,suspend=y,address=localhost:57932 -Dcom.sun.management.jmxremote -Dcom.sun.management.jmxremote.port=57931 -Dcom.sun.management.jmxremote.authenticate=false -Dcom.sun.management.jmxremote.ssl=false -Djava.rmi.server.hostname=localhost -Dspring.liveBeansView.mbeanDomain -Dspring.application.admin.enabled=true -Xverify:none -XX:TieredStopAtLevel=1 -Dfile.encoding=MS949 
java_command: kr.nonos.monitor.MonitorApplication --spring.output.ansi.enabled=always
java_class_path (initial): C:\Project\workspace\ROOT\bin;C:\Users\godurae\.gradle\caches\modules-2\files-2.1\org.springframework.boot\spring-boot-starter-aop\1.5.4.RELEASE\1650672554abd364c728de5ce1aba7c28181968c\spring-boot-starter-aop-1.5.4.RELEASE.jar;C:\Users\godurae\.gradle\caches\modules-2\files-2.1\org.springframework.boot\spring-boot-starter-data-jpa\1.5.4.RELEASE\61bafdbd6d31e67b024c432de34a19b35e46c062\spring-boot-starter-data-jpa-1.5.4.RELEASE.jar;C:\Users\godurae\.gradle\caches\modules-2\files-2.1\org.springframework.boot\spring-boot-starter-jdbc\1.5.4.RELEASE\587ab04faeaeb2cbec0adf8fba68ee278d2c8764\spring-boot-starter-jdbc-1.5.4.RELEASE.jar;C:\Users\godurae\.gradle\caches\modules-2\files-2.1\org.springframework.boot\spring-boot-starter-web\1.5.4.RELEASE\5d6c554f34b20dffcbdfc7edf9b80956e2dace\spring-boot-starter-web-1.5.4.RELEASE.jar;C:\Users\godurae\.gradle\caches\modules-2\files-2.1\org.springframework.boot\spring-boot-starter-security\1.5.4.RELEASE\4b01cda5a55ce8554dfbccd95d8a2a4d64929788\spring-boot-starter-security-1.5.4.RELEASE.jar;C:\Users\godurae\.gradle\caches\modules-2\files-2.1\mysql\mysql-connector-java\5.1.42\80a448a3ec2178b649bb2e3cb3610fab06e11669\mysql-connector-java-5.1.42.jar;C:\Users\godurae\.gradle\caches\modules-2\files-2.1\org.springframework.boot\spring-boot-devtools\1.5.4.RELEASE\a2529c5831fef1338f56bb894a2d85e195923ad6\spring-boot-devtools-1.5.4.RELEASE.jar;C:\Users\godurae\.gradle\caches\modules-2\files-2.1\org.springframework.boot\spring-boot-starter-thymeleaf\1.5.4.RELEASE\80f27ae225dfe2b993d782780ea9e7f0aa16fbd3\spring-boot-starter-thymeleaf-1.5.4.RELEASE.jar;C:\Users\godurae\.gradle\caches\modules-2\files-2.1\org.jsoup\jsoup\1.10.2\33ee82e324f4b1e40167f3dc5e01234a1c5cab61\jsoup-1.10.2.jar;C:\Users\godurae\.gradle\caches\modules-2\files-2.1\commons-io\commons-io\2.5\2852e6e05fbb95076fc091f6d1780f1f8fe35e0f\commons-io-2.5.jar;C:\Users\godurae\.gradle\caches\modules-2\files-2.1\org.projectlombok\lombok\1.16.16\245b50f714bf89
Launcher Type: SUN_STANDARD

Environment Variables:
PATH=C:\Project\jdk1.8.0_131\jre\bin;C:\Windows\system32;C:\Windows;C:\Windows\System32\Wbem;C:\Windows\System32\WindowsPowerShell\v1.0\;C:\Program Files\nodejs\;C:\Users\godurae\AppData\Local\Microsoft\WindowsApps;C:\Users\godurae\AppData\Roaming\npm;C:\Program Files (x86)\Microsoft VS Code\bin
USERNAME=godurae
OS=Windows_NT
PROCESSOR_IDENTIFIER=Intel64 Family 6 Model 61 Stepping 4, GenuineIntel



---------------  S Y S T E M  ---------------

OS: Windows 10.0 , 64 bit Build 14393 (10.0.14393.1198)

CPU:total 4 (initial active 4) (2 cores per cpu, 2 threads per core) family 6 model 61 stepping 4, cmov, cx8, fxsr, mmx, sse, sse2, sse3, ssse3, sse4.1, sse4.2, popcnt, avx, avx2, aes, clmul, erms, 3dnowpref, lzcnt, ht, tsc, tscinvbit, bmi1, bmi2, adx

Memory: 4k page, physical 8288680k(3483880k free), swap 9599400k(4141428k free)

vm_info: Java HotSpot(TM) 64-Bit Server VM (25.131-b11) for windows-amd64 JRE (1.8.0_131-b11), built on Mar 15 2017 01:23:53 by "java_re" with MS VC++ 10.0 (VS2010)

time: Sun Jul 23 11:09:21 2017
elapsed time: 1009 seconds (0d 0h 16m 49s)

